Using pre-set license
Built from '2021.1/staging' branch; Version is '2021.1.15f1 (e767a7370072) revision 15165351'; Using compiler version '192528614'; Build Type 'Release'
OS: 'Windows 10 Pro; OS build 19042.1466; Version 2009; 64bit' Language: 'he' Physical Memory: 16238 MB
BatchMode: 1, IsHumanControllingUs: 0, StartBugReporterOnCrash: 0, Is64bit: 1, IsPro: 0

 COMMAND LINE ARGUMENTS:
C:\Program Files\Unity\Hub\Editor\2021.1.15f1\Editor\Unity.exe
-adb2
-batchMode
-noUpm
-name
AssetImportWorker2
-projectPath
C:/Users/ronto/Documents/GitHub/SuperUnity
-logFile
Logs/AssetImportWorker2.log
-srvPort
62387
Successfully changed project path to: C:/Users/ronto/Documents/GitHub/SuperUnity
C:/Users/ronto/Documents/GitHub/SuperUnity
Using Asset Import Pipeline V2.
Refreshing native plugins compatible for Editor in 179.27 ms, found 3 plugins.
Preloading 0 native plugins for Editor in 0.00 ms.
Initialize engine version: 2021.1.15f1 (e767a7370072)
[Subsystems] Discovering subsystems at path C:/Program Files/Unity/Hub/Editor/2021.1.15f1/Editor/Data/Resources/UnitySubsystems
[Subsystems] Discovering subsystems at path C:/Users/ronto/Documents/GitHub/SuperUnity/Assets
GfxDevice: creating device client; threaded=0; jobified=0
Direct3D:
    Version:  Direct3D 11.0 [level 11.1]
    Renderer: Intel(R) HD Graphics 520 (ID=0x1916)
    Vendor:   Intel
    VRAM:     8119 MB
    Driver:   27.20.100.8854
Initialize mono
Mono path[0] = 'C:/Program Files/Unity/Hub/Editor/2021.1.15f1/Editor/Data/Managed'
Mono path[1] = 'C:/Program Files/Unity/Hub/Editor/2021.1.15f1/Editor/Data/MonoBleedingEdge/lib/mono/unityjit'
Mono config path = 'C:/Program Files/Unity/Hub/Editor/2021.1.15f1/Editor/Data/MonoBleedingEdge/etc'
Using monoOptions --debugger-agent=transport=dt_socket,embedding=1,server=y,suspend=n,address=127.0.0.1:56588
Begin MonoManager ReloadAssembly
Registering precompiled unity dll's ...
Register platform support module: C:/Program Files/Unity/Hub/Editor/2021.1.15f1/Editor/Data/PlaybackEngines/WebGLSupport/UnityEditor.WebGL.Extensions.dll
Register platform support module: C:/Program Files/Unity/Hub/Editor/2021.1.15f1/Editor/Data/PlaybackEngines/WindowsStandaloneSupport/UnityEditor.WindowsStandalone.Extensions.dll
Registered in 0.013743 seconds.
Native extension for WindowsStandalone target not found
Native extension for WebGL target not found
Refreshing native plugins compatible for Editor in 615.95 ms, found 3 plugins.
Preloading 0 native plugins for Editor in 0.00 ms.
Mono: successfully reloaded assembly
- Completed reload, in  6.264 seconds
Domain Reload Profiling:
	ReloadAssembly (6264ms)
		BeginReloadAssembly (451ms)
			ExecutionOrderSort (0ms)
			DisableScriptedObjects (0ms)
			BackupInstance (0ms)
			ReleaseScriptingObjects (0ms)
			CreateAndSetChildDomain (2ms)
		EndReloadAssembly (1985ms)
			LoadAssemblies (438ms)
			RebuildTransferFunctionScriptingTraits (0ms)
			SetupTypeCache (616ms)
			ReleaseScriptCaches (0ms)
			RebuildScriptCaches (96ms)
			SetupLoadedEditorAssemblies (1139ms)
				LogAssemblyErrors (0ms)
				InitializePlatformSupportModulesInManaged (26ms)
				SetLoadedEditorAssemblies (0ms)
				RefreshPlugins (616ms)
				BeforeProcessingInitializeOnLoad (6ms)
				ProcessInitializeOnLoadAttributes (415ms)
				ProcessInitializeOnLoadMethodAttributes (75ms)
				AfterProcessingInitializeOnLoad (0ms)
				EditorAssembliesLoaded (1ms)
			ExecutionOrderSort2 (0ms)
			AwakeInstancesAfterBackupRestoration (0ms)
Platform modules already initialized, skipping
Registering precompiled user dll's ...
Registered in 0.020276 seconds.
Begin MonoManager ReloadAssembly
Native extension for WindowsStandalone target not found
Native extension for WebGL target not found
Refreshing native plugins compatible for Editor in 344.48 ms, found 3 plugins.
Preloading 0 native plugins for Editor in 0.00 ms.
Mono: successfully reloaded assembly
- Completed reload, in  8.458 seconds
Domain Reload Profiling:
	ReloadAssembly (8459ms)
		BeginReloadAssembly (1291ms)
			ExecutionOrderSort (0ms)
			DisableScriptedObjects (22ms)
			BackupInstance (0ms)
			ReleaseScriptingObjects (0ms)
			CreateAndSetChildDomain (72ms)
		EndReloadAssembly (6970ms)
			LoadAssemblies (474ms)
			RebuildTransferFunctionScriptingTraits (0ms)
			SetupTypeCache (2587ms)
			ReleaseScriptCaches (1ms)
			RebuildScriptCaches (216ms)
			SetupLoadedEditorAssemblies (1794ms)
				LogAssemblyErrors (0ms)
				InitializePlatformSupportModulesInManaged (13ms)
				SetLoadedEditorAssemblies (9ms)
				RefreshPlugins (352ms)
				BeforeProcessingInitializeOnLoad (238ms)
				ProcessInitializeOnLoadAttributes (1102ms)
				ProcessInitializeOnLoadMethodAttributes (62ms)
				AfterProcessingInitializeOnLoad (17ms)
				EditorAssembliesLoaded (0ms)
			ExecutionOrderSort2 (0ms)
			AwakeInstancesAfterBackupRestoration (16ms)
Platform modules already initialized, skipping
========================================================================
Worker process is ready to serve import requests
Launched and connected shader compiler UnityShaderCompiler.exe after 0.18 seconds
Refreshing native plugins compatible for Editor in 0.74 ms, found 3 plugins.
Preloading 0 native plugins for Editor in 0.00 ms.
Unloading 2524 Unused Serialized files (Serialized files now loaded: 0)
System memory in use before: 109.3 MB.
System memory in use after: 109.5 MB.

Unloading 31 unused Assets to reduce memory usage. Loaded Objects now: 2976.
Total: 14.161400 ms (FindLiveObjects: 0.584200 ms CreateObjectMapping: 0.335500 ms MarkObjects: 13.113700 ms  DeleteObjects: 0.125900 ms)

AssetImportParameters requested are different than current active one (requested -> active):
  custom:framework-win-MediaFoundation: 216162199b28c13a410421893ffa2e32 -> 
  custom:video-decoder-ogg-theora: a1e56fd34408186e4bbccfd4996cb3dc -> 
  custom:container-muxer-webm: aa71ff27fc2769a1b78a27578f13a17b -> 
  custom:container-demuxer-webm: 4f35f7cbe854078d1ac9338744f61a02 -> 
  custom:container-demuxer-ogg: 62fdf1f143b41e24485cea50d1cbac27 -> 
  custom:video-encoder-webm-vp8: eb34c28f22e8b96e1ab97ce403110664 -> 
  custom:video-decoder-webm-vp8: 9c59270c3fd7afecdb556c50c9e8de78 -> 
  custom:audio-decoder-ogg-vorbis: bf7c407c2cedff20999df2af8eb42d56 -> 
  custom:audio-encoder-webm-vorbis: bf7c407c2cedff20999df2af8eb42d56 -> 
========================================================================
Received Import Request.
  path: Assets/Sprites2/SPA_Player_Ginger.png
  artifactKey: Guid(6025663b60bc3e141aa044004771fd03) Importer(815301076,1909f56bfc062723c751e8b465ee728b)
Start importing Assets/Sprites2/SPA_Player_Ginger.png using Guid(6025663b60bc3e141aa044004771fd03) Importer(815301076,1909f56bfc062723c751e8b465ee728b)  -> (artifact id: 'ee2657dadccac431a82d844d3112a0f4') in 0.798222 seconds 
========================================================================
Received Import Request.
  Time since last request: 0.004247 seconds.
  path: Assets/Sprites2/SPA_Ladder.png
  artifactKey: Guid(b28ad60b14e263f4dbdfcb4fb037294a) Importer(815301076,1909f56bfc062723c751e8b465ee728b)
Start importing Assets/Sprites2/SPA_Ladder.png using Guid(b28ad60b14e263f4dbdfcb4fb037294a) Importer(815301076,1909f56bfc062723c751e8b465ee728b)  -> (artifact id: '23a536685c85263c2a3385245a61dd78') in 0.471088 seconds 
========================================================================
Received Import Request.
  Time since last request: 0.002397 seconds.
  path: Assets/Sprites2/Spikes.png
  artifactKey: Guid(ae81a33fc02714341818e1673c9237f8) Importer(815301076,1909f56bfc062723c751e8b465ee728b)
Start importing Assets/Sprites2/Spikes.png using Guid(ae81a33fc02714341818e1673c9237f8) Importer(815301076,1909f56bfc062723c751e8b465ee728b)  -> (artifact id: 'dc6e8ade5b631b654c1f15f70c138fcd') in 0.302797 seconds 
========================================================================
Received Import Request.
  Time since last request: 0.000620 seconds.
  path: Assets/Sprites2/SPA_Coins.png
  artifactKey: Guid(f53dae8e13b680641af9b9352e96d9f0) Importer(815301076,1909f56bfc062723c751e8b465ee728b)
Start importing Assets/Sprites2/SPA_Coins.png using Guid(f53dae8e13b680641af9b9352e96d9f0) Importer(815301076,1909f56bfc062723c751e8b465ee728b)  -> (artifact id: '2a4cf597646cffd31f0c5323e46b6789') in 0.132193 seconds 
========================================================================
Received Import Request.
  Time since last request: 0.000394 seconds.
  path: Assets/Sprites2/SPA_Enemy_Right.png
  artifactKey: Guid(de742734193b1a44089aee9ba8ea1631) Importer(815301076,1909f56bfc062723c751e8b465ee728b)
Start importing Assets/Sprites2/SPA_Enemy_Right.png using Guid(de742734193b1a44089aee9ba8ea1631) Importer(815301076,1909f56bfc062723c751e8b465ee728b)  -> (artifact id: 'b2d730e6a55f2400a4f660f433dd7bb0') in 0.039491 seconds 
========================================================================
Received Import Request.
  Time since last request: 0.000158 seconds.
  path: Assets/Sprites2/Exit Pixelated.png
  artifactKey: Guid(4b8fbfffb4b2c7340accae74aad03266) Importer(815301076,1909f56bfc062723c751e8b465ee728b)
Start importing Assets/Sprites2/Exit Pixelated.png using Guid(4b8fbfffb4b2c7340accae74aad03266) Importer(815301076,1909f56bfc062723c751e8b465ee728b)  -> (artifact id: 'c8a3d0d11b07fbb5f9bbeb95f24586c8') in 0.132820 seconds 
========================================================================
Received Import Request.
  Time since last request: 0.000846 seconds.
  path: Assets/Sprites2
  artifactKey: Guid(13d57bd575e7ff0408e3d27fbad18939) Importer(815301076,1909f56bfc062723c751e8b465ee728b)
Start importing Assets/Sprites2 using Guid(13d57bd575e7ff0408e3d27fbad18939) Importer(815301076,1909f56bfc062723c751e8b465ee728b)  -> (artifact id: '79bcef1849c26c7f45215a0d71beb3bf') in 0.021043 seconds 
========================================================================
Received Import Request.
  Time since last request: 0.000392 seconds.
  path: Assets/Sprites2/SPA_Background brown tint.png
  artifactKey: Guid(99b67116fedae6047bd0b0e899ddb5f5) Importer(815301076,1909f56bfc062723c751e8b465ee728b)
Start importing Assets/Sprites2/SPA_Background brown tint.png using Guid(99b67116fedae6047bd0b0e899ddb5f5) Importer(815301076,1909f56bfc062723c751e8b465ee728b)  -> (artifact id: 'b81f8086a9da0346d483e49048a02b1f') in 0.143476 seconds 
========================================================================
Received Import Request.
  Time since last request: 0.000424 seconds.
  path: Assets/Sprites2/SPA_Rock_Grass_Water.png
  artifactKey: Guid(58745786ecc1d2a4f926ae83f3e1c5eb) Importer(815301076,1909f56bfc062723c751e8b465ee728b)
Start importing Assets/Sprites2/SPA_Rock_Grass_Water.png using Guid(58745786ecc1d2a4f926ae83f3e1c5eb) Importer(815301076,1909f56bfc062723c751e8b465ee728b)  -> (artifact id: '20aa09a449aec4d96e3a4689417cf1e5') in 0.122461 seconds 
========================================================================
Received Import Request.
  Time since last request: 80.379136 seconds.
  path: Assets/Sprites2/SPA_Background brown tint.png
  artifactKey: Guid(99b67116fedae6047bd0b0e899ddb5f5) Importer(815301076,1909f56bfc062723c751e8b465ee728b)
Start importing Assets/Sprites2/SPA_Background brown tint.png using Guid(99b67116fedae6047bd0b0e899ddb5f5) Importer(815301076,1909f56bfc062723c751e8b465ee728b)  -> (artifact id: '530c10506a2ac2c5886310064a635ce1') in 0.110760 seconds 
========================================================================
Received Import Request.
  Time since last request: 55.320562 seconds.
  path: Assets/Sprites2/SPA_Background brown tint.png
  artifactKey: Guid(99b67116fedae6047bd0b0e899ddb5f5) Importer(815301076,1909f56bfc062723c751e8b465ee728b)
Start importing Assets/Sprites2/SPA_Background brown tint.png using Guid(99b67116fedae6047bd0b0e899ddb5f5) Importer(815301076,1909f56bfc062723c751e8b465ee728b)  -> (artifact id: '1e3622292c6c64d60c8e963c6258efcf') in 0.245469 seconds 
========================================================================
Received Import Request.
  Time since last request: 464.923650 seconds.
  path: Assets/Scenes
  artifactKey: Guid(a55f98e1e5bb45946a2d735c8737a556) Importer(815301076,1909f56bfc062723c751e8b465ee728b)
Start importing Assets/Scenes using Guid(a55f98e1e5bb45946a2d735c8737a556) Importer(815301076,1909f56bfc062723c751e8b465ee728b)  -> (artifact id: 'ac54927d6cec166e1153f0b4a3ac7187') in 0.103729 seconds 
========================================================================
Received Import Request.
  Time since last request: 6.796929 seconds.
  path: Assets/Scenes/Lecture1.unity
  artifactKey: Guid(d50a671970d86494289aaeb3428131fa) Importer(815301076,1909f56bfc062723c751e8b465ee728b)
Start importing Assets/Scenes/Lecture1.unity using Guid(d50a671970d86494289aaeb3428131fa) Importer(815301076,1909f56bfc062723c751e8b465ee728b)  -> (artifact id: 'db0c85ccb408571129ce5fc0ddd5ec53') in 0.113581 seconds 
========================================================================
Received Import Request.
  Time since last request: 145.120328 seconds.
  path: Assets/Sprites2/SPA_Rock_Grass_Water.png
  artifactKey: Guid(58745786ecc1d2a4f926ae83f3e1c5eb) Importer(815301076,1909f56bfc062723c751e8b465ee728b)
Start importing Assets/Sprites2/SPA_Rock_Grass_Water.png using Guid(58745786ecc1d2a4f926ae83f3e1c5eb) Importer(815301076,1909f56bfc062723c751e8b465ee728b)  -> (artifact id: '862edfe48040183b6c4ab875e78aedff') in 0.452213 seconds 
========================================================================
Received Import Request.
  Time since last request: 4.432947 seconds.
  path: Assets/Sprites2/SPA_Rock_Grass_Water.png
  artifactKey: Guid(58745786ecc1d2a4f926ae83f3e1c5eb) Importer(815301076,1909f56bfc062723c751e8b465ee728b)
Start importing Assets/Sprites2/SPA_Rock_Grass_Water.png using Guid(58745786ecc1d2a4f926ae83f3e1c5eb) Importer(815301076,1909f56bfc062723c751e8b465ee728b)  -> (artifact id: '2a216b74f88892a37d8a586cd5a452c2') in 2.701118 seconds 
========================================================================
Received Import Request.
  Time since last request: 293.414372 seconds.
  path: Assets/Sprites2/SPA_Rock_Grass_Water.png
  artifactKey: Guid(58745786ecc1d2a4f926ae83f3e1c5eb) Importer(815301076,1909f56bfc062723c751e8b465ee728b)
Start importing Assets/Sprites2/SPA_Rock_Grass_Water.png using Guid(58745786ecc1d2a4f926ae83f3e1c5eb) Importer(815301076,1909f56bfc062723c751e8b465ee728b)  -> (artifact id: '5d1f85179fcbe64b60ce3eb1af277c55') in 0.361192 seconds 
========================================================================
Received Import Request.
  Time since last request: 88.422528 seconds.
  path: Assets/Sprites2/SPA_Background brown tint.png
  artifactKey: Guid(99b67116fedae6047bd0b0e899ddb5f5) Importer(815301076,1909f56bfc062723c751e8b465ee728b)
Start importing Assets/Sprites2/SPA_Background brown tint.png using Guid(99b67116fedae6047bd0b0e899ddb5f5) Importer(815301076,1909f56bfc062723c751e8b465ee728b)  -> (artifact id: '170d2bd01e97899cec7bda16810bb56e') in 0.213363 seconds 
========================================================================
Received Import Request.
  Time since last request: 180.223982 seconds.
  path: Assets/Sprites2/SPA_Player_Ginger.png
  artifactKey: Guid(6025663b60bc3e141aa044004771fd03) Importer(815301076,1909f56bfc062723c751e8b465ee728b)
Start importing Assets/Sprites2/SPA_Player_Ginger.png using Guid(6025663b60bc3e141aa044004771fd03) Importer(815301076,1909f56bfc062723c751e8b465ee728b)  -> (artifact id: '8c424dd804e06364f93a3678d30d9622') in 0.084612 seconds 
========================================================================
Received Import Request.
  Time since last request: 164.722125 seconds.
  path: Assets/Sprites2/SPA_Player_Ginger.png
  artifactKey: Guid(6025663b60bc3e141aa044004771fd03) Importer(815301076,1909f56bfc062723c751e8b465ee728b)
Start importing Assets/Sprites2/SPA_Player_Ginger.png using Guid(6025663b60bc3e141aa044004771fd03) Importer(815301076,1909f56bfc062723c751e8b465ee728b)  -> (artifact id: '9619b6ebfd6380003a733c53f17b9433') in 0.223611 seconds 
========================================================================
Received Import Request.
  Time since last request: 30.855618 seconds.
  path: Assets/Sprites2/README - License details.txt
  artifactKey: Guid(e40ae5c2eb6a5f64db57802b29b023b6) Importer(815301076,1909f56bfc062723c751e8b465ee728b)
Start importing Assets/Sprites2/README - License details.txt using Guid(e40ae5c2eb6a5f64db57802b29b023b6) Importer(815301076,1909f56bfc062723c751e8b465ee728b)  -> (artifact id: '8374e697de5ce7e3664266b1a02539f1') in 0.171589 seconds 
========================================================================
Received Import Request.
  Time since last request: 1854.891353 seconds.
  path: Assets/Sprites2/New Palette.prefab
  artifactKey: Guid(17f284abc9fe2b0418ab1538a96b1d5d) Importer(815301076,1909f56bfc062723c751e8b465ee728b)
Start importing Assets/Sprites2/New Palette.prefab using Guid(17f284abc9fe2b0418ab1538a96b1d5d) Importer(815301076,1909f56bfc062723c751e8b465ee728b)  -> (artifact id: '3a41e53da08ccd2c0d92562b607e823b') in 0.551480 seconds 
========================================================================
Received Import Request.
  Time since last request: 45.453779 seconds.
  path: Assets/Sprites2/New Palette.prefab
  artifactKey: Guid(17f284abc9fe2b0418ab1538a96b1d5d) Importer(815301076,1909f56bfc062723c751e8b465ee728b)
Start importing Assets/Sprites2/New Palette.prefab using Guid(17f284abc9fe2b0418ab1538a96b1d5d) Importer(815301076,1909f56bfc062723c751e8b465ee728b)  -> (artifact id: '52e4624e3ddedf12239480dd1efe264b') in 2.041725 seconds 
========================================================================
Received Import Request.
  Time since last request: 28.181847 seconds.
  path: Assets/Sprites2/New Palette.prefab
  artifactKey: Guid(17f284abc9fe2b0418ab1538a96b1d5d) Importer(815301076,1909f56bfc062723c751e8b465ee728b)
Start importing Assets/Sprites2/New Palette.prefab using Guid(17f284abc9fe2b0418ab1538a96b1d5d) Importer(815301076,1909f56bfc062723c751e8b465ee728b)  -> (artifact id: 'd916f71004c8bc9f9c7e5e1705ce4e14') in 0.074806 seconds 
========================================================================
Received Import Request.
  Time since last request: 708.211496 seconds.
  path: Assets/Sprites2/New Palette.prefab
  artifactKey: Guid(17f284abc9fe2b0418ab1538a96b1d5d) Importer(815301076,1909f56bfc062723c751e8b465ee728b)
Start importing Assets/Sprites2/New Palette.prefab using Guid(17f284abc9fe2b0418ab1538a96b1d5d) Importer(815301076,1909f56bfc062723c751e8b465ee728b)  -> (artifact id: '9821001d3bddc046a56784c3a786c88a') in 3.008931 seconds 
========================================================================
Received Import Request.
  Time since last request: 709.005758 seconds.
  path: Assets/Tiles/RuleTile.asset
  artifactKey: Guid(9b08113d6406e8d47b80af70f8320706) Importer(815301076,1909f56bfc062723c751e8b465ee728b)
Start importing Assets/Tiles/RuleTile.asset using Guid(9b08113d6406e8d47b80af70f8320706) Importer(815301076,1909f56bfc062723c751e8b465ee728b)  -> (artifact id: '0e31e32d06753d0de22215e332336e3a') in 1.181066 seconds 
AssetImportWorkerClient::OnTransportError - code=2 error=End of file
